<?xml version="1.0" encoding="UTF-8"?>
<!-- Generated by org.testng.reporters.JUnitReportReporter -->
<testsuite hostname="DESKTOP-BHPSLKC" name="android.driverSwipe" tests="2" failures="0" timestamp="15 May 2017 15:37:44 GMT" time="124.130" errors="0">
  <testcase name="verticallySwipe" time="66.512" classname="android.driverSwipe"/>
  <testcase name="horizontallySwipe" time="57.618" classname="android.driverSwipe"/>
</testsuite> <!-- android.driverSwipe -->
