<?xml version="1.0" encoding="UTF-8"?>
<!-- Generated by org.testng.reporters.JUnitReportReporter -->
<testsuite hostname="DESKTOP-BHPSLKC" name="android.SimpleAndroidCalcTest" tests="1" failures="0" timestamp="11 May 2017 15:41:35 GMT" time="12.499" errors="0">
  <testcase name="Sum" time="12.499" classname="android.SimpleAndroidCalcTest"/>
</testsuite> <!-- android.SimpleAndroidCalcTest -->
